[Thu, 12 Sep 2024 05:55:38 +0000] [/wp-content/cache/minify/6d54b.js] [https://odepc.kerala.gov.in/jobs/planning-engineer-and-qa-qc-electrical-engineer-required-for-shipyard-in-turkey/] 
[Thu, 12 Sep 2024 05:55:38 +0000] [/wp-content/cache/minify/7e4c4.js] [https://odepc.kerala.gov.in/jobs/planning-engineer-and-qa-qc-electrical-engineer-required-for-shipyard-in-turkey/] 
[Thu, 12 Sep 2024 05:55:38 +0000] [/wp-content/cache/minify/915f0.js] [https://odepc.kerala.gov.in/jobs/planning-engineer-and-qa-qc-electrical-engineer-required-for-shipyard-in-turkey/] 
[Thu, 12 Sep 2024 05:55:38 +0000] [/wp-content/cache/minify/e6deb.js] [https://odepc.kerala.gov.in/jobs/planning-engineer-and-qa-qc-electrical-engineer-required-for-shipyard-in-turkey/] 
[Thu, 12 Sep 2024 05:55:38 +0000] [/wp-content/cache/minify/80a77.js] [https://odepc.kerala.gov.in/jobs/planning-engineer-and-qa-qc-electrical-engineer-required-for-shipyard-in-turkey/] 
[Thu, 12 Sep 2024 05:55:38 +0000] [/wp-content/cache/minify/99bf6.js] [https://odepc.kerala.gov.in/jobs/planning-engineer-and-qa-qc-electrical-engineer-required-for-shipyard-in-turkey/] 
[Thu, 12 Sep 2024 05:55:47 +0000] [/wp-content/cache/minify/b211f.js] [https://odepc.kerala.gov.in/] wp-content/plugins/hashbar-wp-notification-bar/assets/js/frontend.js
wp-content/plugins/hashbar-wp-notification-bar/assets/js/js.cookie.min.js
[Thu, 12 Sep 2024 05:55:47 +0000] [/wp-content/cache/minify/8b844.css] [https://odepc.kerala.gov.in/] wp-content/plugins/cf7/includes/css/styles.css
wp-content/plugins/hashbar-wp-notification-bar/assets/css/frontend.css
wp-content/themes/odepctheme/assets/styles/styles.min.css
wp-content/themes/odepctheme/assets/styles/custom.css
wp-content/plugins/cf7-conditional-fields/style.css
[Thu, 12 Sep 2024 05:55:47 +0000] [/wp-content/cache/minify/8cde5.css] [https://odepc.kerala.gov.in/] wp-includes/css/dist/block-library/style.min.css
wp-content/plugins/hashbar-wp-notification-bar/blocks/src/assets/css/style-index.css
[Thu, 12 Sep 2024 05:55:47 +0000] [/wp-content/cache/minify/d52ed.js] [https://odepc.kerala.gov.in/] wp-includes/js/jquery/jquery.min.js
[Thu, 12 Sep 2024 05:55:48 +0000] [/wp-content/cache/minify/6d54b.js] [https://odepc.kerala.gov.in/] wp-content/plugins/cf7-conditional-fields/js/scripts.js
[Thu, 12 Sep 2024 05:55:48 +0000] [/wp-content/cache/minify/915f0.js] [https://odepc.kerala.gov.in/] wp-content/plugins/cf7/includes/js/index.js
[Thu, 12 Sep 2024 05:55:48 +0000] [/wp-content/cache/minify/99bf6.js] [https://odepc.kerala.gov.in/] wp-content/plugins/cf7/modules/recaptcha/index.js
[Thu, 12 Sep 2024 05:55:48 +0000] [/wp-content/cache/minify/7e4c4.js] [https://odepc.kerala.gov.in/] wp-content/plugins/hashbar-wp-notification-bar/assets/js/analytics.js
wp-content/plugins/duracelltomi-google-tag-manager/js/gtm4wp-form-move-tracker.js
wp-content/themes/odepctheme/assets/scripts/plugins.min.js
wp-content/themes/odepctheme/assets/scripts/app.min.js
wp-content/themes/odepctheme/assets/scripts/custom.js
[Thu, 12 Sep 2024 05:55:48 +0000] [/wp-content/cache/minify/80a77.js] [https://odepc.kerala.gov.in/] wp-content/plugins/cf7/includes/swv/js/index.js
[Thu, 12 Sep 2024 05:55:48 +0000] [/wp-content/cache/minify/e6deb.js] [https://odepc.kerala.gov.in/] wp-includes/js/dist/vendor/wp-polyfill.min.js
[Thu, 12 Sep 2024 07:43:21 +0000] [/wp-content/cache/minify/6c245.js] [https://odepc.kerala.gov.in/jobs/aurora-free-recruitment-of-diploma-graduate-nurses-to-belgium/] wp-content/plugins/cf7/modules/recaptcha/index.js
wp-includes/js/wp-embed.min.js
[Thu, 12 Sep 2024 07:44:55 +0000] [/wp-content/cache/minify/f10b7.css] [https://odepc.kerala.gov.in/] wp-content/plugins/cf7/includes/css/styles.css
wp-content/plugins/hashbar-wp-notification-bar/assets/css/frontend.css
wp-content/plugins/wp-mail-smtp/assets/css/admin-bar.min.css
wp-content/themes/odepctheme/assets/styles/styles.min.css
wp-content/themes/odepctheme/assets/styles/custom.css
wp-content/plugins/cf7-conditional-fields/style.css
[Thu, 12 Sep 2024 07:44:55 +0000] [/wp-content/cache/minify/37929.css] [https://odepc.kerala.gov.in/] wp-includes/css/dashicons.min.css
wp-includes/css/admin-bar.min.css
[Thu, 12 Sep 2024 07:44:55 +0000] [/wp-content/cache/minify/76a96.js] [https://odepc.kerala.gov.in/] wp-includes/js/hoverintent-js.min.js
wp-includes/js/admin-bar.min.js
wp-content/plugins/cf7/includes/swv/js/index.js
[Fri, 13 Sep 2024 06:13:57 +0000] [/wp-content/cache/minify/e6deb.js] [https://odepc.kerala.gov.in/jobs/] wp-includes/js/dist/vendor/wp-polyfill.min.js
[Fri, 13 Sep 2024 06:14:20 +0000] [/wp-content/cache/minify/b211f.js] [https://odepc.kerala.gov.in/] wp-content/plugins/hashbar-wp-notification-bar/assets/js/frontend.js
wp-content/plugins/hashbar-wp-notification-bar/assets/js/js.cookie.min.js
[Fri, 13 Sep 2024 06:14:20 +0000] [/wp-content/cache/minify/8cde5.css] [-] wp-includes/css/dist/block-library/style.min.css
wp-content/plugins/hashbar-wp-notification-bar/blocks/src/assets/css/style-index.css
[Fri, 13 Sep 2024 06:14:20 +0000] [/wp-content/cache/minify/8b844.css] [-] wp-content/plugins/cf7/includes/css/styles.css
wp-content/plugins/hashbar-wp-notification-bar/assets/css/frontend.css
wp-content/themes/odepctheme/assets/styles/styles.min.css
wp-content/themes/odepctheme/assets/styles/custom.css
wp-content/plugins/cf7-conditional-fields/style.css
[Fri, 13 Sep 2024 06:14:20 +0000] [/wp-content/cache/minify/d52ed.js] [-] wp-includes/js/jquery/jquery.min.js
[Fri, 13 Sep 2024 06:14:21 +0000] [/wp-content/cache/minify/80a77.js] [https://odepc.kerala.gov.in/] wp-content/plugins/cf7/includes/swv/js/index.js
[Fri, 13 Sep 2024 06:14:21 +0000] [/wp-content/cache/minify/915f0.js] [https://odepc.kerala.gov.in/] wp-content/plugins/cf7/includes/js/index.js
[Fri, 13 Sep 2024 06:14:21 +0000] [/wp-content/cache/minify/7e4c4.js] [https://odepc.kerala.gov.in/] wp-content/plugins/hashbar-wp-notification-bar/assets/js/analytics.js
wp-content/plugins/duracelltomi-google-tag-manager/js/gtm4wp-form-move-tracker.js
wp-content/themes/odepctheme/assets/scripts/plugins.min.js
wp-content/themes/odepctheme/assets/scripts/app.min.js
wp-content/themes/odepctheme/assets/scripts/custom.js
[Fri, 13 Sep 2024 06:14:22 +0000] [/wp-content/cache/minify/6d54b.js] [https://odepc.kerala.gov.in/] wp-content/plugins/cf7-conditional-fields/js/scripts.js
[Fri, 13 Sep 2024 06:14:22 +0000] [/wp-content/cache/minify/99bf6.js] [https://odepc.kerala.gov.in/] wp-content/plugins/cf7/modules/recaptcha/index.js
[Fri, 13 Sep 2024 06:27:58 +0000] [/wp-content/cache/minify/5839d.js] [-] 
[Fri, 13 Sep 2024 17:34:58 +0000] [/wp-content/cache/minify/5839d.js] [https://odepc.kerala.gov.in/] 
[Fri, 13 Sep 2024 19:53:30 +0000] [/wp-content/cache/minify/5839d.js] [https://odepc.kerala.gov.in/] 
[Sat, 14 Sep 2024 06:18:39 +0000] [/wp-content/cache/minify/5839d.js] [https://odepc.kerala.gov.in/jobs/] 
[Sat, 14 Sep 2024 06:21:54 +0000] [/wp-content/cache/minify/6c245.js] [https://odepc.kerala.gov.in/jobs/aurora-free-recruitment-of-diploma-graduate-nurses-to-belgium/] wp-content/plugins/cf7/modules/recaptcha/index.js
wp-includes/js/wp-embed.min.js
[Sat, 14 Sep 2024 10:08:37 +0000] [/wp-content/cache/minify/5839d.js] [-] 
[Sat, 14 Sep 2024 14:56:19 +0000] [/wp-content/cache/minify/5839d.js] [https://odepc.kerala.gov.in/] 
[Sun, 15 Sep 2024 06:05:41 +0000] [/wp-content/cache/minify/8cde5.css] [https://odepc.kerala.gov.in/] wp-includes/css/dist/block-library/style.min.css
wp-content/plugins/hashbar-wp-notification-bar/blocks/src/assets/css/style-index.css
[Sun, 15 Sep 2024 06:05:41 +0000] [/wp-content/cache/minify/8b844.css] [https://odepc.kerala.gov.in/] wp-content/plugins/cf7/includes/css/styles.css
wp-content/plugins/hashbar-wp-notification-bar/assets/css/frontend.css
wp-content/themes/odepctheme/assets/styles/styles.min.css
wp-content/themes/odepctheme/assets/styles/custom.css
wp-content/plugins/cf7-conditional-fields/style.css
[Sun, 15 Sep 2024 06:05:41 +0000] [/wp-content/cache/minify/d52ed.js] [https://odepc.kerala.gov.in/] wp-includes/js/jquery/jquery.min.js
[Sun, 15 Sep 2024 06:05:41 +0000] [/wp-content/cache/minify/b211f.js] [https://odepc.kerala.gov.in/] wp-content/plugins/hashbar-wp-notification-bar/assets/js/frontend.js
wp-content/plugins/hashbar-wp-notification-bar/assets/js/js.cookie.min.js
[Sun, 15 Sep 2024 06:05:44 +0000] [/wp-content/cache/minify/80a77.js] [https://odepc.kerala.gov.in/] wp-content/plugins/cf7/includes/swv/js/index.js
[Sun, 15 Sep 2024 06:05:44 +0000] [/wp-content/cache/minify/7e4c4.js] [https://odepc.kerala.gov.in/] wp-content/plugins/hashbar-wp-notification-bar/assets/js/analytics.js
wp-content/plugins/duracelltomi-google-tag-manager/js/gtm4wp-form-move-tracker.js
wp-content/themes/odepctheme/assets/scripts/plugins.min.js
wp-content/themes/odepctheme/assets/scripts/app.min.js
wp-content/themes/odepctheme/assets/scripts/custom.js
[Sun, 15 Sep 2024 06:05:44 +0000] [/wp-content/cache/minify/915f0.js] [https://odepc.kerala.gov.in/] wp-content/plugins/cf7/includes/js/index.js
[Sun, 15 Sep 2024 06:05:44 +0000] [/wp-content/cache/minify/6d54b.js] [https://odepc.kerala.gov.in/] wp-content/plugins/cf7-conditional-fields/js/scripts.js
[Sun, 15 Sep 2024 06:05:45 +0000] [/wp-content/cache/minify/e6deb.js] [https://odepc.kerala.gov.in/] wp-includes/js/dist/vendor/wp-polyfill.min.js
[Sun, 15 Sep 2024 06:05:45 +0000] [/wp-content/cache/minify/99bf6.js] [https://odepc.kerala.gov.in/] wp-content/plugins/cf7/modules/recaptcha/index.js
[Mon, 16 Sep 2024 06:07:45 +0000] [/wp-content/cache/minify/8cde5.css] [https://odepc.kerala.gov.in/jobs/b-sc-nurses-females-to-ministry-of-health-saudi-arabia/?fbclid=PAZXh0bgNhZW0CMTEAAabsEEkne79xkVrhUlEgLMGIiSnGMVe0lPIrW5aM0ifdpPPFS_drnsYHXHc_aem_8SuMfyjA2z5xX_r1PxXbeg] wp-includes/css/dist/block-library/style.min.css
wp-content/plugins/hashbar-wp-notification-bar/blocks/src/assets/css/style-index.css
[Mon, 16 Sep 2024 06:07:45 +0000] [/wp-content/cache/minify/d52ed.js] [https://odepc.kerala.gov.in/jobs/b-sc-nurses-females-to-ministry-of-health-saudi-arabia/?fbclid=PAZXh0bgNhZW0CMTEAAabsEEkne79xkVrhUlEgLMGIiSnGMVe0lPIrW5aM0ifdpPPFS_drnsYHXHc_aem_8SuMfyjA2z5xX_r1PxXbeg] wp-includes/js/jquery/jquery.min.js
[Mon, 16 Sep 2024 06:07:45 +0000] [/wp-content/cache/minify/b211f.js] [https://odepc.kerala.gov.in/jobs/b-sc-nurses-females-to-ministry-of-health-saudi-arabia/?fbclid=PAZXh0bgNhZW0CMTEAAabsEEkne79xkVrhUlEgLMGIiSnGMVe0lPIrW5aM0ifdpPPFS_drnsYHXHc_aem_8SuMfyjA2z5xX_r1PxXbeg] wp-content/plugins/hashbar-wp-notification-bar/assets/js/frontend.js
wp-content/plugins/hashbar-wp-notification-bar/assets/js/js.cookie.min.js
[Mon, 16 Sep 2024 06:07:45 +0000] [/wp-content/cache/minify/8b844.css] [https://odepc.kerala.gov.in/jobs/b-sc-nurses-females-to-ministry-of-health-saudi-arabia/?fbclid=PAZXh0bgNhZW0CMTEAAabsEEkne79xkVrhUlEgLMGIiSnGMVe0lPIrW5aM0ifdpPPFS_drnsYHXHc_aem_8SuMfyjA2z5xX_r1PxXbeg] wp-content/plugins/cf7/includes/css/styles.css
wp-content/plugins/hashbar-wp-notification-bar/assets/css/frontend.css
wp-content/themes/odepctheme/assets/styles/styles.min.css
wp-content/themes/odepctheme/assets/styles/custom.css
wp-content/plugins/cf7-conditional-fields/style.css
[Mon, 16 Sep 2024 06:07:47 +0000] [/wp-content/cache/minify/915f0.js] [https://odepc.kerala.gov.in/jobs/b-sc-nurses-females-to-ministry-of-health-saudi-arabia/?fbclid=PAZXh0bgNhZW0CMTEAAabsEEkne79xkVrhUlEgLMGIiSnGMVe0lPIrW5aM0ifdpPPFS_drnsYHXHc_aem_8SuMfyjA2z5xX_r1PxXbeg] wp-content/plugins/cf7/includes/js/index.js
[Mon, 16 Sep 2024 06:07:47 +0000] [/wp-content/cache/minify/80a77.js] [https://odepc.kerala.gov.in/jobs/b-sc-nurses-females-to-ministry-of-health-saudi-arabia/?fbclid=PAZXh0bgNhZW0CMTEAAabsEEkne79xkVrhUlEgLMGIiSnGMVe0lPIrW5aM0ifdpPPFS_drnsYHXHc_aem_8SuMfyjA2z5xX_r1PxXbeg] wp-content/plugins/cf7/includes/swv/js/index.js
[Mon, 16 Sep 2024 06:07:47 +0000] [/wp-content/cache/minify/6d54b.js] [https://odepc.kerala.gov.in/jobs/b-sc-nurses-females-to-ministry-of-health-saudi-arabia/?fbclid=PAZXh0bgNhZW0CMTEAAabsEEkne79xkVrhUlEgLMGIiSnGMVe0lPIrW5aM0ifdpPPFS_drnsYHXHc_aem_8SuMfyjA2z5xX_r1PxXbeg] wp-content/plugins/cf7-conditional-fields/js/scripts.js
[Mon, 16 Sep 2024 06:07:47 +0000] [/wp-content/cache/minify/99bf6.js] [https://odepc.kerala.gov.in/jobs/b-sc-nurses-females-to-ministry-of-health-saudi-arabia/?fbclid=PAZXh0bgNhZW0CMTEAAabsEEkne79xkVrhUlEgLMGIiSnGMVe0lPIrW5aM0ifdpPPFS_drnsYHXHc_aem_8SuMfyjA2z5xX_r1PxXbeg] wp-content/plugins/cf7/modules/recaptcha/index.js
[Mon, 16 Sep 2024 06:07:47 +0000] [/wp-content/cache/minify/7e4c4.js] [https://odepc.kerala.gov.in/jobs/b-sc-nurses-females-to-ministry-of-health-saudi-arabia/?fbclid=PAZXh0bgNhZW0CMTEAAabsEEkne79xkVrhUlEgLMGIiSnGMVe0lPIrW5aM0ifdpPPFS_drnsYHXHc_aem_8SuMfyjA2z5xX_r1PxXbeg] wp-content/plugins/hashbar-wp-notification-bar/assets/js/analytics.js
wp-content/plugins/duracelltomi-google-tag-manager/js/gtm4wp-form-move-tracker.js
wp-content/themes/odepctheme/assets/scripts/plugins.min.js
wp-content/themes/odepctheme/assets/scripts/app.min.js
wp-content/themes/odepctheme/assets/scripts/custom.js
[Mon, 16 Sep 2024 06:07:47 +0000] [/wp-content/cache/minify/e6deb.js] [https://odepc.kerala.gov.in/jobs/b-sc-nurses-females-to-ministry-of-health-saudi-arabia/?fbclid=PAZXh0bgNhZW0CMTEAAabsEEkne79xkVrhUlEgLMGIiSnGMVe0lPIrW5aM0ifdpPPFS_drnsYHXHc_aem_8SuMfyjA2z5xX_r1PxXbeg] wp-includes/js/dist/vendor/wp-polyfill.min.js
[Mon, 16 Sep 2024 06:12:54 +0000] [/wp-content/cache/minify/6c245.js] [https://odepc.kerala.gov.in/jobs/aurora-free-recruitment-of-diploma-graduate-nurses-to-belgium/] wp-content/plugins/cf7/modules/recaptcha/index.js
wp-includes/js/wp-embed.min.js
[Mon, 16 Sep 2024 07:26:15 +0000] [/wp-content/cache/minify/5839d.js] [https://odepc.kerala.gov.in/jobs/free-recruitment-of-warehouse-associate-to-saudi-arabia/] 
[Tue, 17 Sep 2024 05:14:30 +0000] [/wp-content/cache/minify/37929.css] [https://odepc.kerala.gov.in/] wp-includes/css/dashicons.min.css
wp-includes/css/admin-bar.min.css
[Tue, 17 Sep 2024 05:14:30 +0000] [/wp-content/cache/minify/f10b7.css] [https://odepc.kerala.gov.in/] wp-content/plugins/cf7/includes/css/styles.css
wp-content/plugins/hashbar-wp-notification-bar/assets/css/frontend.css
wp-content/plugins/wp-mail-smtp/assets/css/admin-bar.min.css
wp-content/themes/odepctheme/assets/styles/styles.min.css
wp-content/themes/odepctheme/assets/styles/custom.css
wp-content/plugins/cf7-conditional-fields/style.css
[Tue, 17 Sep 2024 05:14:32 +0000] [/wp-content/cache/minify/76a96.js] [https://odepc.kerala.gov.in/] wp-includes/js/hoverintent-js.min.js
wp-includes/js/admin-bar.min.js
wp-content/plugins/cf7/includes/swv/js/index.js
[Tue, 17 Sep 2024 15:10:19 +0000] [/staging/wp-content/cache/minify/a0967.css] [https://odepc.kerala.gov.in/staging/] staging/wp-includes/css/dist/block-library/style.min.css
staging/wp-content/plugins/hashbar-wp-notification-bar/blocks/src/assets/css/style-index.css
[Tue, 17 Sep 2024 15:10:19 +0000] [/staging/wp-content/cache/minify/3c712.js] [https://odepc.kerala.gov.in/staging/] staging/wp-includes/js/jquery/jquery.min.js
[Tue, 17 Sep 2024 15:10:19 +0000] [/staging/wp-content/cache/minify/d0733.css] [https://odepc.kerala.gov.in/staging/] staging/wp-content/plugins/cf7/includes/css/styles.css
staging/wp-content/plugins/hashbar-wp-notification-bar/assets/css/frontend.css
staging/wp-content/themes/odepctheme/assets/styles/styles.min.css
staging/wp-content/themes/odepctheme/assets/styles/custom.css
staging/wp-content/plugins/cf7-conditional-fields/style.css
[Tue, 17 Sep 2024 15:10:19 +0000] [/staging/wp-content/cache/minify/0347d.js] [https://odepc.kerala.gov.in/staging/] staging/wp-content/plugins/hashbar-wp-notification-bar/assets/js/frontend.js
staging/wp-content/plugins/hashbar-wp-notification-bar/assets/js/js.cookie.min.js
[Tue, 17 Sep 2024 15:10:26 +0000] [/staging/wp-content/cache/minify/ce4a5.js] [https://odepc.kerala.gov.in/staging/] staging/wp-content/plugins/cf7/includes/swv/js/index.js
[Tue, 17 Sep 2024 15:10:29 +0000] [/staging/wp-content/cache/minify/cb5a0.js] [https://odepc.kerala.gov.in/staging/] staging/wp-content/plugins/hashbar-wp-notification-bar/assets/js/analytics.js
staging/wp-content/plugins/duracelltomi-google-tag-manager/js/gtm4wp-form-move-tracker.js
staging/wp-content/themes/odepctheme/assets/scripts/plugins.min.js
staging/wp-content/themes/odepctheme/assets/scripts/app.min.js
staging/wp-content/themes/odepctheme/assets/scripts/custom.js
[Tue, 17 Sep 2024 15:10:29 +0000] [/staging/wp-content/cache/minify/4a15f.js] [https://odepc.kerala.gov.in/staging/] staging/wp-content/plugins/cf7/includes/js/index.js
[Tue, 17 Sep 2024 15:10:29 +0000] [/staging/wp-content/cache/minify/d955e.js] [https://odepc.kerala.gov.in/staging/] staging/wp-content/plugins/cf7/modules/recaptcha/index.js
[Tue, 17 Sep 2024 15:10:29 +0000] [/staging/wp-content/cache/minify/3f092.js] [https://odepc.kerala.gov.in/staging/] staging/wp-includes/js/dist/vendor/wp-polyfill.min.js
[Tue, 17 Sep 2024 15:10:30 +0000] [/staging/wp-content/cache/minify/29660.js] [https://odepc.kerala.gov.in/staging/] staging/wp-content/plugins/cf7-conditional-fields/js/scripts.js
[Tue, 17 Sep 2024 15:12:37 +0000] [/staging/wp-content/cache/minify/d8049.css] [https://odepc.kerala.gov.in/staging/] staging/wp-includes/css/dashicons.min.css
staging/wp-includes/css/admin-bar.min.css
[Tue, 17 Sep 2024 15:12:37 +0000] [/staging/wp-content/cache/minify/8693f.css] [https://odepc.kerala.gov.in/staging/] staging/wp-content/plugins/cf7/includes/css/styles.css
staging/wp-content/plugins/hashbar-wp-notification-bar/assets/css/frontend.css
staging/wp-content/plugins/wp-mail-smtp/assets/css/admin-bar.min.css
staging/wp-content/themes/odepctheme/assets/styles/styles.min.css
staging/wp-content/themes/odepctheme/assets/styles/custom.css
staging/wp-content/plugins/cf7-conditional-fields/style.css
[Tue, 17 Sep 2024 15:12:37 +0000] [/staging/wp-content/cache/minify/09381.js] [https://odepc.kerala.gov.in/staging/] staging/wp-includes/js/hoverintent-js.min.js
staging/wp-includes/js/admin-bar.min.js
staging/wp-content/plugins/cf7/includes/swv/js/index.js
[Tue, 17 Sep 2024 15:19:00 +0000] [/staging/wp-content/cache/minify/6e7af.css] [https://odepc.kerala.gov.in/staging/] staging/wp-includes/css/dist/block-library/style.min.css
staging/wp-content/plugins/hashbar-wp-notification-bar/assets/css/block-style-index.css
[Tue, 17 Sep 2024 15:19:00 +0000] [/staging/wp-content/cache/minify/e5625.js] [https://odepc.kerala.gov.in/staging/] staging/wp-content/plugins/insert-headers-and-footers/build/admin-bar.js
staging/wp-includes/js/hoverintent-js.min.js
staging/wp-includes/js/admin-bar.min.js
staging/wp-includes/js/dist/hooks.min.js
staging/wp-includes/js/dist/i18n.min.js
[Tue, 17 Sep 2024 15:19:00 +0000] [/staging/wp-content/cache/minify/b2cc9.css] [https://odepc.kerala.gov.in/staging/] staging/wp-content/plugins/insert-headers-and-footers/build/admin-bar.css
staging/wp-includes/css/dashicons.min.css
staging/wp-includes/css/admin-bar.min.css
[Tue, 17 Sep 2024 15:19:00 +0000] [/staging/wp-content/cache/minify/26939.js] [https://odepc.kerala.gov.in/staging/] staging/wp-content/plugins/contact-form-7/includes/swv/js/index.js
[Tue, 17 Sep 2024 15:19:00 +0000] [/staging/wp-content/cache/minify/eb523.css] [https://odepc.kerala.gov.in/staging/] staging/wp-content/plugins/contact-form-7/includes/css/styles.css
staging/wp-content/plugins/hashbar-wp-notification-bar/assets/css/frontend.css
staging/wp-content/plugins/wp-mail-smtp/assets/css/admin-bar.min.css
staging/wp-content/themes/odepctheme/assets/styles/styles.min.css
staging/wp-content/themes/odepctheme/assets/styles/custom.css
staging/wp-content/plugins/cf7-conditional-fields/style.css
[Tue, 17 Sep 2024 15:19:01 +0000] [/staging/wp-content/cache/minify/7791c.js] [https://odepc.kerala.gov.in/staging/] staging/wp-content/plugins/hashbar-wp-notification-bar/assets/js/analytics.js
staging/wp-content/plugins/duracelltomi-google-tag-manager/dist/js/gtm4wp-form-move-tracker.js
staging/wp-content/themes/odepctheme/assets/scripts/plugins.min.js
staging/wp-content/themes/odepctheme/assets/scripts/app.min.js
staging/wp-content/themes/odepctheme/assets/scripts/custom.js
[Tue, 17 Sep 2024 15:19:01 +0000] [/staging/wp-content/cache/minify/16209.js] [https://odepc.kerala.gov.in/staging/] staging/wp-content/plugins/contact-form-7/includes/js/index.js
[Tue, 17 Sep 2024 15:19:02 +0000] [/staging/wp-content/cache/minify/4297e.js] [https://odepc.kerala.gov.in/staging/] staging/wp-content/plugins/contact-form-7/modules/recaptcha/index.js
[Wed, 18 Sep 2024 02:31:19 +0000] [/wp-content/cache/minify/d52ed.js] [https://odepc.fbappsdxb.co/] wp-includes/js/jquery/jquery.min.js
[Wed, 18 Sep 2024 02:31:19 +0000] [/wp-content/cache/minify/8d072.css] [https://odepc.fbappsdxb.co/] wp-content/plugins/hashbar-wp-notification-bar/assets/css/frontend.css
wp-content/themes/odepctheme/assets/styles/styles.min.css
wp-content/themes/odepctheme/assets/styles/custom.css
wp-content/plugins/cf7-conditional-fields/style.css
[Wed, 18 Sep 2024 02:31:19 +0000] [/wp-content/cache/minify/b211f.js] [https://odepc.fbappsdxb.co/] wp-content/plugins/hashbar-wp-notification-bar/assets/js/frontend.js
wp-content/plugins/hashbar-wp-notification-bar/assets/js/js.cookie.min.js
[Wed, 18 Sep 2024 02:31:19 +0000] [/wp-content/cache/minify/7b1ee.css] [https://odepc.fbappsdxb.co/] wp-includes/css/dist/block-library/style.min.css
wp-content/plugins/hashbar-wp-notification-bar/assets/css/block-style-index.css
[Wed, 18 Sep 2024 02:31:22 +0000] [/wp-content/cache/minify/c8b5f.js] [https://odepc.fbappsdxb.co/] wp-content/plugins/hashbar-wp-notification-bar/assets/js/analytics.js
wp-content/plugins/duracelltomi-google-tag-manager/dist/js/gtm4wp-form-move-tracker.js
wp-content/themes/odepctheme/assets/scripts/plugins.min.js
wp-content/themes/odepctheme/assets/scripts/app.min.js
wp-content/themes/odepctheme/assets/scripts/custom.js
[Wed, 18 Sep 2024 02:36:12 +0000] [/wp-content/cache/minify/dc28a.css] [https://odepc.fbappsdxb.co/] wp-content/plugins/insert-headers-and-footers/build/admin-bar.css
wp-includes/css/dashicons.min.css
wp-includes/css/admin-bar.min.css
[Wed, 18 Sep 2024 02:36:12 +0000] [/wp-content/cache/minify/a939d.css] [https://odepc.fbappsdxb.co/] wp-content/plugins/contact-form-7/includes/css/styles.css
wp-content/plugins/hashbar-wp-notification-bar/assets/css/frontend.css
wp-content/plugins/wp-mail-smtp/assets/css/admin-bar.min.css
wp-content/themes/odepctheme/assets/styles/styles.min.css
wp-content/themes/odepctheme/assets/styles/custom.css
wp-content/plugins/cf7-conditional-fields/style.css
[Wed, 18 Sep 2024 02:36:12 +0000] [/wp-content/cache/minify/1f540.js] [https://odepc.fbappsdxb.co/] wp-content/plugins/contact-form-7/includes/swv/js/index.js
[Wed, 18 Sep 2024 02:36:12 +0000] [/wp-content/cache/minify/34727.js] [https://odepc.fbappsdxb.co/] wp-content/plugins/insert-headers-and-footers/build/admin-bar.js
wp-includes/js/hoverintent-js.min.js
wp-includes/js/admin-bar.min.js
wp-includes/js/dist/hooks.min.js
wp-includes/js/dist/i18n.min.js
[Wed, 18 Sep 2024 02:36:13 +0000] [/wp-content/cache/minify/b68ea.js] [https://odepc.fbappsdxb.co/] wp-content/plugins/contact-form-7/includes/js/index.js
[Wed, 18 Sep 2024 02:36:13 +0000] [/wp-content/cache/minify/6d54b.js] [https://odepc.fbappsdxb.co/] wp-content/plugins/cf7-conditional-fields/js/scripts.js
[Wed, 18 Sep 2024 02:36:14 +0000] [/wp-content/cache/minify/e6deb.js] [https://odepc.fbappsdxb.co/] wp-includes/js/dist/vendor/wp-polyfill.min.js
[Wed, 18 Sep 2024 02:36:14 +0000] [/wp-content/cache/minify/2a6b9.js] [https://odepc.fbappsdxb.co/] wp-content/plugins/contact-form-7/modules/recaptcha/index.js
[Wed, 18 Sep 2024 04:18:50 +0000] [/wp-content/cache/minify/d52ed.js] [https://odepc.fbappsdxb.co/] wp-includes/js/jquery/jquery.min.js
[Wed, 18 Sep 2024 04:18:50 +0000] [/wp-content/cache/minify/7b1ee.css] [https://odepc.fbappsdxb.co/] wp-includes/css/dist/block-library/style.min.css
wp-content/plugins/hashbar-wp-notification-bar/assets/css/block-style-index.css
[Wed, 18 Sep 2024 04:18:50 +0000] [/wp-content/cache/minify/b211f.js] [https://odepc.fbappsdxb.co/] wp-content/plugins/hashbar-wp-notification-bar/assets/js/frontend.js
wp-content/plugins/hashbar-wp-notification-bar/assets/js/js.cookie.min.js
[Wed, 18 Sep 2024 04:18:50 +0000] [/wp-content/cache/minify/4841f.css] [https://odepc.fbappsdxb.co/] wp-content/plugins/contact-form-7/includes/css/styles.css
wp-content/plugins/hashbar-wp-notification-bar/assets/css/frontend.css
wp-content/themes/odepctheme/assets/styles/styles.min.css
wp-content/themes/odepctheme/assets/styles/custom.css
wp-content/plugins/cf7-conditional-fields/style.css
[Wed, 18 Sep 2024 04:18:50 +0000] [/wp-content/cache/minify/4841f.css] [https://odepc.fbappsdxb.co/] wp-content/plugins/contact-form-7/includes/css/styles.css
wp-content/plugins/hashbar-wp-notification-bar/assets/css/frontend.css
wp-content/themes/odepctheme/assets/styles/styles.min.css
wp-content/themes/odepctheme/assets/styles/custom.css
wp-content/plugins/cf7-conditional-fields/style.css
[Wed, 18 Sep 2024 04:18:50 +0000] [/wp-content/cache/minify/501dc.js] [https://odepc.fbappsdxb.co/] wp-includes/js/dist/hooks.min.js
wp-includes/js/dist/i18n.min.js
[Wed, 18 Sep 2024 04:18:50 +0000] [/wp-content/cache/minify/1f540.js] [https://odepc.fbappsdxb.co/] wp-content/plugins/contact-form-7/includes/swv/js/index.js
[Wed, 18 Sep 2024 04:18:51 +0000] [/wp-content/cache/minify/b68ea.js] [https://odepc.fbappsdxb.co/] wp-content/plugins/contact-form-7/includes/js/index.js
[Wed, 18 Sep 2024 04:18:51 +0000] [/wp-content/cache/minify/c8b5f.js] [https://odepc.fbappsdxb.co/] wp-content/plugins/hashbar-wp-notification-bar/assets/js/analytics.js
wp-content/plugins/duracelltomi-google-tag-manager/dist/js/gtm4wp-form-move-tracker.js
wp-content/themes/odepctheme/assets/scripts/plugins.min.js
wp-content/themes/odepctheme/assets/scripts/app.min.js
wp-content/themes/odepctheme/assets/scripts/custom.js
[Wed, 18 Sep 2024 04:18:51 +0000] [/wp-content/cache/minify/6d54b.js] [https://odepc.fbappsdxb.co/] wp-content/plugins/cf7-conditional-fields/js/scripts.js
[Wed, 18 Sep 2024 04:18:51 +0000] [/wp-content/cache/minify/c8b5f.js] [https://odepc.fbappsdxb.co/] wp-content/plugins/hashbar-wp-notification-bar/assets/js/analytics.js
wp-content/plugins/duracelltomi-google-tag-manager/dist/js/gtm4wp-form-move-tracker.js
wp-content/themes/odepctheme/assets/scripts/plugins.min.js
wp-content/themes/odepctheme/assets/scripts/app.min.js
wp-content/themes/odepctheme/assets/scripts/custom.js
[Wed, 18 Sep 2024 04:18:51 +0000] [/wp-content/cache/minify/2a6b9.js] [https://odepc.fbappsdxb.co/] wp-content/plugins/contact-form-7/modules/recaptcha/index.js
[Wed, 18 Sep 2024 04:18:51 +0000] [/wp-content/cache/minify/e6deb.js] [https://odepc.fbappsdxb.co/] wp-includes/js/dist/vendor/wp-polyfill.min.js
[Wed, 18 Sep 2024 04:35:36 +0000] [/wp-content/cache/minify/a939d.css] [https://odepc.fbappsdxb.co/phpinfo.php] wp-content/plugins/contact-form-7/includes/css/styles.css
wp-content/plugins/hashbar-wp-notification-bar/assets/css/frontend.css
wp-content/plugins/wp-mail-smtp/assets/css/admin-bar.min.css
wp-content/themes/odepctheme/assets/styles/styles.min.css
wp-content/themes/odepctheme/assets/styles/custom.css
wp-content/plugins/cf7-conditional-fields/style.css
[Wed, 18 Sep 2024 04:35:36 +0000] [/wp-content/cache/minify/6d54b.js] [https://odepc.fbappsdxb.co/phpinfo.php] wp-content/plugins/cf7-conditional-fields/js/scripts.js
[Wed, 18 Sep 2024 04:42:37 +0000] [/wp-content/cache/minify/6d54b.js] [https://odepc.fbappsdxb.co/phpinfo.php] wp-content/plugins/cf7-conditional-fields/js/scripts.js
[Wed, 18 Sep 2024 04:42:41 +0000] [/wp-content/cache/minify/a939d.css] [https://odepc.fbappsdxb.co/phpinfo.php] wp-content/plugins/contact-form-7/includes/css/styles.css
wp-content/plugins/hashbar-wp-notification-bar/assets/css/frontend.css
wp-content/plugins/wp-mail-smtp/assets/css/admin-bar.min.css
wp-content/themes/odepctheme/assets/styles/styles.min.css
wp-content/themes/odepctheme/assets/styles/custom.css
wp-content/plugins/cf7-conditional-fields/style.css
[Wed, 18 Sep 2024 04:42:41 +0000] [/wp-content/cache/minify/b211f.js] [https://odepc.fbappsdxb.co/phpinfo.php] wp-content/plugins/hashbar-wp-notification-bar/assets/js/frontend.js
wp-content/plugins/hashbar-wp-notification-bar/assets/js/js.cookie.min.js
[Wed, 18 Sep 2024 04:42:41 +0000] [/wp-content/cache/minify/7b1ee.css] [https://odepc.fbappsdxb.co/phpinfo.php] wp-includes/css/dist/block-library/style.min.css
wp-content/plugins/hashbar-wp-notification-bar/assets/css/block-style-index.css
[Wed, 18 Sep 2024 04:42:41 +0000] [/wp-content/cache/minify/dc28a.css] [https://odepc.fbappsdxb.co/phpinfo.php] wp-content/plugins/insert-headers-and-footers/build/admin-bar.css
wp-includes/css/dashicons.min.css
wp-includes/css/admin-bar.min.css
[Wed, 18 Sep 2024 04:42:41 +0000] [/wp-content/cache/minify/d52ed.js] [https://odepc.fbappsdxb.co/phpinfo.php] wp-includes/js/jquery/jquery.min.js
[Wed, 18 Sep 2024 04:42:44 +0000] [/wp-content/cache/minify/6d54b.js] [https://odepc.fbappsdxb.co/phpinfo.php] wp-content/plugins/cf7-conditional-fields/js/scripts.js
[Wed, 18 Sep 2024 04:42:44 +0000] [/wp-content/cache/minify/1f540.js] [https://odepc.fbappsdxb.co/phpinfo.php] wp-content/plugins/contact-form-7/includes/swv/js/index.js
[Wed, 18 Sep 2024 04:42:44 +0000] [/wp-content/cache/minify/34727.js] [https://odepc.fbappsdxb.co/phpinfo.php] wp-content/plugins/insert-headers-and-footers/build/admin-bar.js
wp-includes/js/hoverintent-js.min.js
wp-includes/js/admin-bar.min.js
wp-includes/js/dist/hooks.min.js
wp-includes/js/dist/i18n.min.js
[Wed, 18 Sep 2024 04:42:44 +0000] [/wp-content/cache/minify/2a6b9.js] [https://odepc.fbappsdxb.co/phpinfo.php] wp-content/plugins/contact-form-7/modules/recaptcha/index.js
[Wed, 18 Sep 2024 04:42:44 +0000] [/wp-content/cache/minify/e6deb.js] [https://odepc.fbappsdxb.co/phpinfo.php] wp-includes/js/dist/vendor/wp-polyfill.min.js
[Wed, 18 Sep 2024 04:42:44 +0000] [/wp-content/cache/minify/b68ea.js] [https://odepc.fbappsdxb.co/phpinfo.php] wp-content/plugins/contact-form-7/includes/js/index.js
[Wed, 18 Sep 2024 04:42:44 +0000] [/wp-content/cache/minify/c8b5f.js] [https://odepc.fbappsdxb.co/phpinfo.php] wp-content/plugins/hashbar-wp-notification-bar/assets/js/analytics.js
wp-content/plugins/duracelltomi-google-tag-manager/dist/js/gtm4wp-form-move-tracker.js
wp-content/themes/odepctheme/assets/scripts/plugins.min.js
wp-content/themes/odepctheme/assets/scripts/app.min.js
wp-content/themes/odepctheme/assets/scripts/custom.js
[Wed, 18 Sep 2024 04:46:43 +0000] [/wp-content/cache/minify/6d54b.js] [https://odepc.fbappsdxb.co/] wp-content/plugins/cf7-conditional-fields/js/scripts.js
[Wed, 18 Sep 2024 04:54:25 +0000] [/wp-content/cache/minify/41e53.css] [https://odepc.fbappsdxb.co/odepc-dashboard?redirect_to=httpsodepc.fbappsdxb.co443wp-adminplugins.phpactivatetrueplugin_statusallpaged1s&aiowps_login_msg_id=session_expired] wp-includes/css/dashicons.min.css
wp-includes/css/buttons.min.css
wp-admin/css/forms.min.css
wp-admin/css/l10n.min.css
wp-admin/css/login.min.css
[Wed, 18 Sep 2024 04:54:25 +0000] [/wp-content/cache/minify/76d15.js] [https://odepc.fbappsdxb.co/odepc-dashboard?redirect_to=httpsodepc.fbappsdxb.co443wp-adminplugins.phpactivatetrueplugin_statusallpaged1s&aiowps_login_msg_id=session_expired] wp-includes/js/wp-util.min.js
[Wed, 18 Sep 2024 04:54:25 +0000] [/wp-content/cache/minify/958b1.js] [https://odepc.fbappsdxb.co/odepc-dashboard?redirect_to=httpsodepc.fbappsdxb.co443wp-adminplugins.phpactivatetrueplugin_statusallpaged1s&aiowps_login_msg_id=session_expired] wp-admin/js/password-strength-meter.min.js
wp-includes/js/underscore.min.js
[Wed, 18 Sep 2024 04:54:25 +0000] [/wp-content/cache/minify/cd53b.js] [https://odepc.fbappsdxb.co/odepc-dashboard?redirect_to=httpsodepc.fbappsdxb.co443wp-adminplugins.phpactivatetrueplugin_statusallpaged1s&aiowps_login_msg_id=session_expired] wp-admin/js/user-profile.min.js
[Wed, 18 Sep 2024 04:54:25 +0000] [/wp-content/cache/minify/17c2b.js] [https://odepc.fbappsdxb.co/odepc-dashboard?redirect_to=httpsodepc.fbappsdxb.co443wp-adminplugins.phpactivatetrueplugin_statusallpaged1s&aiowps_login_msg_id=session_expired] wp-includes/js/zxcvbn-async.min.js
wp-includes/js/dist/hooks.min.js
wp-includes/js/dist/i18n.min.js
[Wed, 18 Sep 2024 04:55:01 +0000] [/wp-content/cache/minify/501dc.js] [https://odepc.fbappsdxb.co/odepc-dashboard?redirect_to=httpsodepc.fbappsdxb.co443wp-adminplugins.phpactivatetrueplugin_statusallpaged1s&aiowps_login_msg_id=session_expired] wp-includes/js/dist/hooks.min.js
wp-includes/js/dist/i18n.min.js
[Wed, 18 Sep 2024 04:55:01 +0000] [/wp-content/cache/minify/4841f.css] [https://odepc.fbappsdxb.co/odepc-dashboard?redirect_to=httpsodepc.fbappsdxb.co443wp-adminplugins.phpactivatetrueplugin_statusallpaged1s&aiowps_login_msg_id=session_expired] wp-content/plugins/contact-form-7/includes/css/styles.css
wp-content/plugins/hashbar-wp-notification-bar/assets/css/frontend.css
wp-content/themes/odepctheme/assets/styles/styles.min.css
wp-content/themes/odepctheme/assets/styles/custom.css
wp-content/plugins/cf7-conditional-fields/style.css
[Wed, 18 Sep 2024 04:55:01 +0000] [/wp-content/cache/minify/6d54b.js] [https://odepc.fbappsdxb.co/odepc-dashboard?redirect_to=httpsodepc.fbappsdxb.co443wp-adminplugins.phpactivatetrueplugin_statusallpaged1s&aiowps_login_msg_id=session_expired] wp-content/plugins/cf7-conditional-fields/js/scripts.js
[Wed, 18 Sep 2024 04:57:58 +0000] [/wp-content/cache/minify/6d54b.js] [https://odepc.fbappsdxb.co/?aiowpsec_do_log_out=1&al_additional_data=1&_wpnonce=22d4bf9118] wp-content/plugins/cf7-conditional-fields/js/scripts.js
[Wed, 18 Sep 2024 05:07:20 +0000] [/wp-content/cache/minify/65bb7.js] [https://odepc.fbappsdxb.co/] wp-content/plugins/wordfence/js/wfi18n.1722265817.js
[Wed, 18 Sep 2024 05:07:20 +0000] [/wp-content/cache/minify/6a696.js] [https://odepc.fbappsdxb.co/] wp-content/plugins/wordfence/js/admin.ajaxWatcher.1722265817.js
[Wed, 18 Sep 2024 05:07:20 +0000] [/wp-content/cache/minify/c4ac5.css] [https://odepc.fbappsdxb.co/] wp-content/plugins/contact-form-7/includes/css/styles.css
wp-content/plugins/hashbar-wp-notification-bar/assets/css/frontend.css
wp-content/plugins/wordfence/css/wordfenceBox.1722265817.css
wp-content/plugins/wp-mail-smtp/assets/css/admin-bar.min.css
wp-content/themes/odepctheme/assets/styles/styles.min.css
wp-content/themes/odepctheme/assets/styles/custom.css
wp-content/plugins/cf7-conditional-fields/style.css
[Wed, 18 Sep 2024 05:07:20 +0000] [/wp-content/cache/minify/6d54b.js] [https://odepc.fbappsdxb.co/] wp-content/plugins/cf7-conditional-fields/js/scripts.js
[Wed, 18 Sep 2024 05:07:32 +0000] [/wp-content/cache/minify/6d54b.js] [https://odepc.fbappsdxb.co/jobs/] wp-content/plugins/cf7-conditional-fields/js/scripts.js
[Wed, 18 Sep 2024 05:09:02 +0000] [/wp-content/cache/minify/6d54b.js] [https://odepc.fbappsdxb.co/our-clients/] wp-content/plugins/cf7-conditional-fields/js/scripts.js
[Wed, 18 Sep 2024 05:34:17 +0000] [/wp-content/cache/minify/6d54b.js] [https://odepc.fbappsdxb.co/our-clients/?v=dsfsdfds] wp-content/plugins/cf7-conditional-fields/js/scripts.js
[Wed, 18 Sep 2024 05:40:14 +0000] [/wp-content/cache/minify/6d54b.js] [https://odepc.fbappsdxb.co/our-clients/?v=sfdsfds] wp-content/plugins/cf7-conditional-fields/js/scripts.js
[Wed, 18 Sep 2024 05:47:14 +0000] [/wp-content/cache/minify/6d54b.js] [https://odepc.fbappsdxb.co/our-clients/?v=sfdsfds&w3tc_note=flush_all] wp-content/plugins/cf7-conditional-fields/js/scripts.js
[Wed, 18 Sep 2024 05:50:05 +0000] [/wp-content/cache/minify/6d54b.js] [https://odepc.fbappsdxb.co/connect-with-us/] wp-content/plugins/cf7-conditional-fields/js/scripts.js
[Wed, 18 Sep 2024 05:51:14 +0000] [/wp-content/cache/minify/6d54b.js] [https://odepc.fbappsdxb.co/] wp-content/plugins/cf7-conditional-fields/js/scripts.js
[Wed, 18 Sep 2024 05:51:35 +0000] [/wp-content/cache/minify/b211f.js] [https://odepc.fbappsdxb.co/] wp-content/plugins/hashbar-wp-notification-bar/assets/js/frontend.js
wp-content/plugins/hashbar-wp-notification-bar/assets/js/js.cookie.min.js
[Wed, 18 Sep 2024 05:51:35 +0000] [/wp-content/cache/minify/d52ed.js] [https://odepc.fbappsdxb.co/] wp-includes/js/jquery/jquery.min.js
[Wed, 18 Sep 2024 05:51:35 +0000] [/wp-content/cache/minify/7b1ee.css] [https://odepc.fbappsdxb.co/] wp-includes/css/dist/block-library/style.min.css
wp-content/plugins/hashbar-wp-notification-bar/assets/css/block-style-index.css
[Wed, 18 Sep 2024 05:51:35 +0000] [/wp-content/cache/minify/4841f.css] [https://odepc.fbappsdxb.co/] wp-content/plugins/contact-form-7/includes/css/styles.css
wp-content/plugins/hashbar-wp-notification-bar/assets/css/frontend.css
wp-content/themes/odepctheme/assets/styles/styles.min.css
wp-content/themes/odepctheme/assets/styles/custom.css
wp-content/plugins/cf7-conditional-fields/style.css
[Wed, 18 Sep 2024 05:51:36 +0000] [/wp-content/cache/minify/501dc.js] [https://odepc.fbappsdxb.co/] wp-includes/js/dist/hooks.min.js
wp-includes/js/dist/i18n.min.js
[Wed, 18 Sep 2024 05:51:37 +0000] [/wp-content/cache/minify/1f540.js] [https://odepc.fbappsdxb.co/] wp-content/plugins/contact-form-7/includes/swv/js/index.js
[Wed, 18 Sep 2024 05:51:37 +0000] [/wp-content/cache/minify/c8b5f.js] [https://odepc.fbappsdxb.co/] wp-content/plugins/hashbar-wp-notification-bar/assets/js/analytics.js
wp-content/plugins/duracelltomi-google-tag-manager/dist/js/gtm4wp-form-move-tracker.js
wp-content/themes/odepctheme/assets/scripts/plugins.min.js
wp-content/themes/odepctheme/assets/scripts/app.min.js
wp-content/themes/odepctheme/assets/scripts/custom.js
[Wed, 18 Sep 2024 05:51:37 +0000] [/wp-content/cache/minify/e6deb.js] [https://odepc.fbappsdxb.co/] wp-includes/js/dist/vendor/wp-polyfill.min.js
[Wed, 18 Sep 2024 05:51:37 +0000] [/wp-content/cache/minify/2a6b9.js] [https://odepc.fbappsdxb.co/] wp-content/plugins/contact-form-7/modules/recaptcha/index.js
[Wed, 18 Sep 2024 05:51:37 +0000] [/wp-content/cache/minify/b68ea.js] [https://odepc.fbappsdxb.co/] wp-content/plugins/contact-form-7/includes/js/index.js
[Wed, 18 Sep 2024 05:51:37 +0000] [/wp-content/cache/minify/6d54b.js] [https://odepc.fbappsdxb.co/] wp-content/plugins/cf7-conditional-fields/js/scripts.js
[Wed, 18 Sep 2024 06:12:31 +0000] [/wp-content/cache/minify/17c2b.js] [-] wp-includes/js/zxcvbn-async.min.js
wp-includes/js/dist/hooks.min.js
wp-includes/js/dist/i18n.min.js
[Wed, 18 Sep 2024 06:12:31 +0000] [/wp-content/cache/minify/958b1.js] [-] wp-admin/js/password-strength-meter.min.js
wp-includes/js/underscore.min.js
[Wed, 18 Sep 2024 06:12:31 +0000] [/wp-content/cache/minify/cd53b.js] [-] wp-admin/js/user-profile.min.js
[Wed, 18 Sep 2024 06:12:31 +0000] [/wp-content/cache/minify/76d15.js] [-] wp-includes/js/wp-util.min.js
[Wed, 18 Sep 2024 06:43:35 +0000] [/wp-content/cache/minify/c4ac5.css] [https://odepc.fbappsdxb.co/] wp-content/plugins/contact-form-7/includes/css/styles.css
wp-content/plugins/hashbar-wp-notification-bar/assets/css/frontend.css
wp-content/plugins/wordfence/css/wordfenceBox.1722265817.css
wp-content/plugins/wp-mail-smtp/assets/css/admin-bar.min.css
wp-content/themes/odepctheme/assets/styles/styles.min.css
wp-content/themes/odepctheme/assets/styles/custom.css
wp-content/plugins/cf7-conditional-fields/style.css
[Wed, 18 Sep 2024 06:43:35 +0000] [/wp-content/cache/minify/6d54b.js] [https://odepc.fbappsdxb.co/] wp-content/plugins/cf7-conditional-fields/js/scripts.js
[Wed, 18 Sep 2024 06:44:02 +0000] [/wp-content/cache/minify/6d54b.js] [https://odepc.fbappsdxb.co/] wp-content/plugins/cf7-conditional-fields/js/scripts.js
[Wed, 18 Sep 2024 06:45:13 +0000] [/wp-content/cache/minify/6d54b.js] [https://odepc.fbappsdxb.co/?w3tc_note=flush_all] wp-content/plugins/cf7-conditional-fields/js/scripts.js
[Wed, 18 Sep 2024 06:45:18 +0000] [/wp-content/cache/minify/d52ed.js] [https://odepc.fbappsdxb.co/] wp-includes/js/jquery/jquery.min.js
[Wed, 18 Sep 2024 06:45:18 +0000] [/wp-content/cache/minify/7b1ee.css] [https://odepc.fbappsdxb.co/] wp-includes/css/dist/block-library/style.min.css
wp-content/plugins/hashbar-wp-notification-bar/assets/css/block-style-index.css
[Wed, 18 Sep 2024 06:45:18 +0000] [/wp-content/cache/minify/4841f.css] [https://odepc.fbappsdxb.co/] wp-content/plugins/contact-form-7/includes/css/styles.css
wp-content/plugins/hashbar-wp-notification-bar/assets/css/frontend.css
wp-content/themes/odepctheme/assets/styles/styles.min.css
wp-content/themes/odepctheme/assets/styles/custom.css
wp-content/plugins/cf7-conditional-fields/style.css
[Wed, 18 Sep 2024 06:45:18 +0000] [/wp-content/cache/minify/b211f.js] [https://odepc.fbappsdxb.co/] wp-content/plugins/hashbar-wp-notification-bar/assets/js/frontend.js
wp-content/plugins/hashbar-wp-notification-bar/assets/js/js.cookie.min.js
[Wed, 18 Sep 2024 06:45:19 +0000] [/wp-content/cache/minify/501dc.js] [https://odepc.fbappsdxb.co/] wp-includes/js/dist/hooks.min.js
wp-includes/js/dist/i18n.min.js
[Wed, 18 Sep 2024 06:45:21 +0000] [/wp-content/cache/minify/6d54b.js] [https://odepc.fbappsdxb.co/] wp-content/plugins/cf7-conditional-fields/js/scripts.js
[Wed, 18 Sep 2024 06:45:21 +0000] [/wp-content/cache/minify/c8b5f.js] [https://odepc.fbappsdxb.co/] wp-content/plugins/hashbar-wp-notification-bar/assets/js/analytics.js
wp-content/plugins/duracelltomi-google-tag-manager/dist/js/gtm4wp-form-move-tracker.js
wp-content/themes/odepctheme/assets/scripts/plugins.min.js
wp-content/themes/odepctheme/assets/scripts/app.min.js
wp-content/themes/odepctheme/assets/scripts/custom.js
[Wed, 18 Sep 2024 06:45:21 +0000] [/wp-content/cache/minify/2a6b9.js] [https://odepc.fbappsdxb.co/] wp-content/plugins/contact-form-7/modules/recaptcha/index.js
[Wed, 18 Sep 2024 06:45:21 +0000] [/wp-content/cache/minify/e6deb.js] [https://odepc.fbappsdxb.co/] wp-includes/js/dist/vendor/wp-polyfill.min.js
[Wed, 18 Sep 2024 06:45:21 +0000] [/wp-content/cache/minify/b68ea.js] [https://odepc.fbappsdxb.co/] wp-content/plugins/contact-form-7/includes/js/index.js
[Wed, 18 Sep 2024 06:45:21 +0000] [/wp-content/cache/minify/1f540.js] [https://odepc.fbappsdxb.co/] wp-content/plugins/contact-form-7/includes/swv/js/index.js
[Wed, 18 Sep 2024 07:03:26 +0000] [/wp-content/cache/minify/6d54b.js] [https://odepc.fbappsdxb.co/] wp-content/plugins/cf7-conditional-fields/js/scripts.js
[Wed, 18 Sep 2024 07:03:27 +0000] [/wp-content/cache/minify/d52ed.js] [https://odepc.fbappsdxb.co/] wp-includes/js/jquery/jquery.min.js
[Wed, 18 Sep 2024 07:03:27 +0000] [/wp-content/cache/minify/d52ed.js] [https://odepc.fbappsdxb.co/] wp-includes/js/jquery/jquery.min.js
[Wed, 18 Sep 2024 07:03:27 +0000] [/wp-content/cache/minify/b211f.js] [https://odepc.fbappsdxb.co/] wp-content/plugins/hashbar-wp-notification-bar/assets/js/frontend.js
wp-content/plugins/hashbar-wp-notification-bar/assets/js/js.cookie.min.js
[Wed, 18 Sep 2024 07:03:27 +0000] [/wp-content/cache/minify/7b1ee.css] [https://odepc.fbappsdxb.co/] wp-includes/css/dist/block-library/style.min.css
wp-content/plugins/hashbar-wp-notification-bar/assets/css/block-style-index.css
[Wed, 18 Sep 2024 07:03:27 +0000] [/wp-content/cache/minify/7b1ee.css] [https://odepc.fbappsdxb.co/] wp-includes/css/dist/block-library/style.min.css
wp-content/plugins/hashbar-wp-notification-bar/assets/css/block-style-index.css
[Wed, 18 Sep 2024 07:03:27 +0000] [/wp-content/cache/minify/4841f.css] [https://odepc.fbappsdxb.co/] wp-content/plugins/contact-form-7/includes/css/styles.css
wp-content/plugins/hashbar-wp-notification-bar/assets/css/frontend.css
wp-content/themes/odepctheme/assets/styles/styles.min.css
wp-content/themes/odepctheme/assets/styles/custom.css
wp-content/plugins/cf7-conditional-fields/style.css
[Wed, 18 Sep 2024 07:03:27 +0000] [/wp-content/cache/minify/4841f.css] [https://odepc.fbappsdxb.co/] wp-content/plugins/contact-form-7/includes/css/styles.css
wp-content/plugins/hashbar-wp-notification-bar/assets/css/frontend.css
wp-content/themes/odepctheme/assets/styles/styles.min.css
wp-content/themes/odepctheme/assets/styles/custom.css
wp-content/plugins/cf7-conditional-fields/style.css
[Wed, 18 Sep 2024 07:03:27 +0000] [/wp-content/cache/minify/b211f.js] [https://odepc.fbappsdxb.co/] wp-content/plugins/hashbar-wp-notification-bar/assets/js/frontend.js
wp-content/plugins/hashbar-wp-notification-bar/assets/js/js.cookie.min.js
[Wed, 18 Sep 2024 07:03:28 +0000] [/wp-content/cache/minify/501dc.js] [https://odepc.fbappsdxb.co/] wp-includes/js/dist/hooks.min.js
wp-includes/js/dist/i18n.min.js
[Wed, 18 Sep 2024 07:03:28 +0000] [/wp-content/cache/minify/1f540.js] [https://odepc.fbappsdxb.co/] wp-content/plugins/contact-form-7/includes/swv/js/index.js
[Wed, 18 Sep 2024 07:03:28 +0000] [/wp-content/cache/minify/b68ea.js] [https://odepc.fbappsdxb.co/] wp-content/plugins/contact-form-7/includes/js/index.js
[Wed, 18 Sep 2024 07:03:28 +0000] [/wp-content/cache/minify/b68ea.js] [https://odepc.fbappsdxb.co/] wp-content/plugins/contact-form-7/includes/js/index.js
[Wed, 18 Sep 2024 07:03:28 +0000] [/wp-content/cache/minify/c8b5f.js] [https://odepc.fbappsdxb.co/] wp-content/plugins/hashbar-wp-notification-bar/assets/js/analytics.js
wp-content/plugins/duracelltomi-google-tag-manager/dist/js/gtm4wp-form-move-tracker.js
wp-content/themes/odepctheme/assets/scripts/plugins.min.js
wp-content/themes/odepctheme/assets/scripts/app.min.js
wp-content/themes/odepctheme/assets/scripts/custom.js
[Wed, 18 Sep 2024 07:03:28 +0000] [/wp-content/cache/minify/c8b5f.js] [https://odepc.fbappsdxb.co/] wp-content/plugins/hashbar-wp-notification-bar/assets/js/analytics.js
wp-content/plugins/duracelltomi-google-tag-manager/dist/js/gtm4wp-form-move-tracker.js
wp-content/themes/odepctheme/assets/scripts/plugins.min.js
wp-content/themes/odepctheme/assets/scripts/app.min.js
wp-content/themes/odepctheme/assets/scripts/custom.js
[Wed, 18 Sep 2024 07:03:28 +0000] [/wp-content/cache/minify/6d54b.js] [https://odepc.fbappsdxb.co/] wp-content/plugins/cf7-conditional-fields/js/scripts.js
[Wed, 18 Sep 2024 07:03:28 +0000] [/wp-content/cache/minify/e6deb.js] [https://odepc.fbappsdxb.co/] wp-includes/js/dist/vendor/wp-polyfill.min.js
[Wed, 18 Sep 2024 07:03:28 +0000] [/wp-content/cache/minify/2a6b9.js] [https://odepc.fbappsdxb.co/] wp-content/plugins/contact-form-7/modules/recaptcha/index.js
[Wed, 18 Sep 2024 07:04:34 +0000] [/wp-content/cache/minify/7b1ee.css] [https://odepc.fbappsdxb.co/] wp-includes/css/dist/block-library/style.min.css
wp-content/plugins/hashbar-wp-notification-bar/assets/css/block-style-index.css
[Wed, 18 Sep 2024 07:04:34 +0000] [/wp-content/cache/minify/b211f.js] [https://odepc.fbappsdxb.co/] wp-content/plugins/hashbar-wp-notification-bar/assets/js/frontend.js
wp-content/plugins/hashbar-wp-notification-bar/assets/js/js.cookie.min.js
[Wed, 18 Sep 2024 07:04:35 +0000] [/wp-content/cache/minify/d52ed.js] [https://odepc.fbappsdxb.co/] wp-includes/js/jquery/jquery.min.js
[Wed, 18 Sep 2024 07:04:35 +0000] [/wp-content/cache/minify/4841f.css] [https://odepc.fbappsdxb.co/] wp-content/plugins/contact-form-7/includes/css/styles.css
wp-content/plugins/hashbar-wp-notification-bar/assets/css/frontend.css
wp-content/themes/odepctheme/assets/styles/styles.min.css
wp-content/themes/odepctheme/assets/styles/custom.css
wp-content/plugins/cf7-conditional-fields/style.css
[Wed, 18 Sep 2024 07:04:35 +0000] [/wp-content/cache/minify/4841f.css] [https://odepc.fbappsdxb.co/] wp-content/plugins/contact-form-7/includes/css/styles.css
wp-content/plugins/hashbar-wp-notification-bar/assets/css/frontend.css
wp-content/themes/odepctheme/assets/styles/styles.min.css
wp-content/themes/odepctheme/assets/styles/custom.css
wp-content/plugins/cf7-conditional-fields/style.css
[Wed, 18 Sep 2024 07:04:35 +0000] [/wp-content/cache/minify/501dc.js] [https://odepc.fbappsdxb.co/] wp-includes/js/dist/hooks.min.js
wp-includes/js/dist/i18n.min.js
[Wed, 18 Sep 2024 07:04:35 +0000] [/wp-content/cache/minify/1f540.js] [https://odepc.fbappsdxb.co/] wp-content/plugins/contact-form-7/includes/swv/js/index.js
[Wed, 18 Sep 2024 07:04:35 +0000] [/wp-content/cache/minify/b68ea.js] [https://odepc.fbappsdxb.co/] wp-content/plugins/contact-form-7/includes/js/index.js
[Wed, 18 Sep 2024 07:04:36 +0000] [/wp-content/cache/minify/6d54b.js] [https://odepc.fbappsdxb.co/] wp-content/plugins/cf7-conditional-fields/js/scripts.js
[Wed, 18 Sep 2024 07:04:36 +0000] [/wp-content/cache/minify/c8b5f.js] [https://odepc.fbappsdxb.co/] wp-content/plugins/hashbar-wp-notification-bar/assets/js/analytics.js
wp-content/plugins/duracelltomi-google-tag-manager/dist/js/gtm4wp-form-move-tracker.js
wp-content/themes/odepctheme/assets/scripts/plugins.min.js
wp-content/themes/odepctheme/assets/scripts/app.min.js
wp-content/themes/odepctheme/assets/scripts/custom.js
[Wed, 18 Sep 2024 07:04:36 +0000] [/wp-content/cache/minify/2a6b9.js] [https://odepc.fbappsdxb.co/] wp-content/plugins/contact-form-7/modules/recaptcha/index.js
[Wed, 18 Sep 2024 07:04:36 +0000] [/wp-content/cache/minify/e6deb.js] [https://odepc.fbappsdxb.co/] wp-includes/js/dist/vendor/wp-polyfill.min.js
[Wed, 18 Sep 2024 07:04:36 +0000] [/wp-content/cache/minify/2a6b9.js] [https://odepc.fbappsdxb.co/] wp-content/plugins/contact-form-7/modules/recaptcha/index.js
[Wed, 18 Sep 2024 07:04:36 +0000] [/wp-content/cache/minify/e6deb.js] [https://odepc.fbappsdxb.co/] wp-includes/js/dist/vendor/wp-polyfill.min.js
